2026-03-31T21:33:07.587000Z 0 [System] [MY-015015] [Server] MySQL Server - start.
2026-03-31T21:33:07.770449Z 0 [Warning] [MY-010097] [Server] Insecure configuration for --secure-file-priv: Current value does not restrict location of generated files. Consider setting it to a valid, non-empty path.
2026-03-31T21:33:07.770534Z 0 [System] [MY-010116] [Server] C:\laragon\bin\mysql\mysql-8.4.3-winx64\bin\mysqld (mysqld 8.4.3) starting as process 3212
2026-03-31T21:33:07.835176Z 1 [System] [MY-013576] [InnoDB] InnoDB initialization has started.
2026-03-31T21:33:10.649760Z 1 [System] [MY-013577] [InnoDB] InnoDB initialization has ended.
2026-03-31T21:33:11.785139Z 0 [Warning] [MY-013829] [Server] Missing data directory for ICU regular expressions: C:\laragon\bin\mysql\mysql-8.4.3-winx64\lib\private\.
2026-03-31T21:33:11.818373Z 0 [Warning] [MY-010068] [Server] CA certificate ca.pem is self signed.
2026-03-31T21:33:11.819134Z 0 [System] [MY-013602] [Server] Channel mysql_main configured to support TLS. Encrypted connections are now supported for this channel.
2026-03-31T21:33:11.959016Z 0 [System] [MY-011323] [Server] X Plugin ready for connections. Bind-address: '::' port: 33060
2026-03-31T21:33:11.959241Z 0 [System] [MY-010931] [Server] C:\laragon\bin\mysql\mysql-8.4.3-winx64\bin\mysqld: ready for connections. Version: '8.4.3'  socket: ''  port: 3306  MySQL Community Server - GPL.
2026-03-31T21:33:22.014793Z 8 [System] [MY-013172] [Server] Received SHUTDOWN from user root. Shutting down mysqld (Version: 8.4.3).
2026-03-31T21:33:22.016083Z 0 [System] [MY-013105] [Server] C:\laragon\bin\mysql\mysql-8.4.3-winx64\bin\mysqld: Normal shutdown.
2026-03-31T21:33:22.499299Z 0 [System] [MY-010910] [Server] C:\laragon\bin\mysql\mysql-8.4.3-winx64\bin\mysqld: Shutdown complete (mysqld 8.4.3)  MySQL Community Server - GPL.
2026-03-31T21:33:22.501145Z 0 [System] [MY-015016] [Server] MySQL Server - end.
2026-03-31T21:33:36.670454Z 0 [System] [MY-015015] [Server] MySQL Server - start.
2026-03-31T21:33:36.900597Z 0 [Warning] [MY-010097] [Server] Insecure configuration for --secure-file-priv: Current value does not restrict location of generated files. Consider setting it to a valid, non-empty path.
2026-03-31T21:33:36.900693Z 0 [System] [MY-010116] [Server] C:\laragon\bin\mysql\mysql-8.4.3-winx64\bin\mysqld (mysqld 8.4.3) starting as process 17096
2026-03-31T21:33:36.968740Z 1 [System] [MY-013576] [InnoDB] InnoDB initialization has started.
2026-03-31T21:33:38.518040Z 1 [System] [MY-013577] [InnoDB] InnoDB initialization has ended.
2026-03-31T21:33:39.531816Z 0 [Warning] [MY-013829] [Server] Missing data directory for ICU regular expressions: C:\laragon\bin\mysql\mysql-8.4.3-winx64\lib\private\.
2026-03-31T21:33:39.575388Z 0 [Warning] [MY-010068] [Server] CA certificate ca.pem is self signed.
2026-03-31T21:33:39.576305Z 0 [System] [MY-013602] [Server] Channel mysql_main configured to support TLS. Encrypted connections are now supported for this channel.
2026-03-31T21:33:39.695801Z 0 [System] [MY-011323] [Server] X Plugin ready for connections. Bind-address: '::' port: 33060
2026-03-31T21:33:39.696159Z 0 [System] [MY-010931] [Server] C:\laragon\bin\mysql\mysql-8.4.3-winx64\bin\mysqld: ready for connections. Version: '8.4.3'  socket: ''  port: 3306  MySQL Community Server - GPL.
